16-03-2022 [restartedMain] WARN  o.s.b.a.o.j.JpaBaseConfiguration$JpaWebConfiguration - spring.jpa.open-in-view is enabled by default. Therefore, database queries may be performed during view rendering. Explicitly configure spring.jpa.open-in-view to disable this warning
16-03-2022 [restartedMain] WARN  c.h.i.impl.HazelcastInstanceFactory - Hazelcast is starting in a Java modular environment (Java 9 and newer) but without proper access to required Java packages. Use additional Java arguments to provide Hazelcast access to Java internal API. The internal API access is used to get the best performance results. Arguments to be used:
 --add-modules java.se --add-exports java.base/jdk.internal.ref=ALL-UNNAMED --add-opens java.base/java.lang=ALL-UNNAMED --add-opens java.base/java.nio=ALL-UNNAMED --add-opens java.base/sun.nio.ch=ALL-UNNAMED --add-opens java.management/sun.management=ALL-UNNAMED --add-opens jdk.management/com.sun.management.internal=ALL-UNNAMED
16-03-2022 [restartedMain] WARN  com.hazelcast.cp.CPSubsystem - [192.168.51.40]:5701 [dev] [4.2.4] CP Subsystem is not enabled. CP data structures will operate in UNSAFE mode! Please note that UNSAFE mode will not provide strong consistency guarantees.
16-03-2022 [restartedMain] INFO  o.h.jpa.internal.util.LogHelper - HHH000204: Processing PersistenceUnitInfo [name: default]
16-03-2022 [restartedMain] INFO  org.hibernate.Version - HHH000412: Hibernate ORM core version 5.6.4.Final
16-03-2022 [restartedMain] INFO  o.h.annotations.common.Version - HCANN000001: Hibernate Commons Annotations {5.1.2.Final}
16-03-2022 [restartedMain] INFO  org.hibernate.dialect.Dialect - HHH000400: Using dialect: org.hibernate.dialect.PostgreSQLDialect
16-03-2022 [restartedMain] INFO  o.h.e.t.j.p.i.JtaPlatformInitiator - HHH000490: Using JtaPlatform implementation: [org.hibernate.engine.transaction.jta.platform.internal.NoJtaPlatform]
16-03-2022 [restartedMain] INFO  o.s.s.web.DefaultSecurityFilterChain - Will secure Ant [pattern='/**', OPTIONS] with []
16-03-2022 [restartedMain] DEBUG o.s.s.w.a.e.ExpressionBasedFilterInvocationSecurityMetadataSource - Adding web access control expression [permitAll] for Or [Ant [pattern='/sso/logout', GET], Ant [pattern='/sso/logout', POST], Ant [pattern='/sso/logout', PUT], Ant [pattern='/sso/logout', DELETE]]
16-03-2022 [restartedMain] DEBUG o.s.s.w.a.e.ExpressionBasedFilterInvocationSecurityMetadataSource - Adding web access control expression [permitAll] for ExactUrl [processUrl='/']
16-03-2022 [restartedMain] DEBUG o.s.s.w.a.e.ExpressionBasedFilterInvocationSecurityMetadataSource - Adding web access control expression [hasAnyRole('ROLE_admin')] for Ant [pattern='/api/articoli/inserisci/**']
16-03-2022 [restartedMain] DEBUG o.s.s.w.a.e.ExpressionBasedFilterInvocationSecurityMetadataSource - Adding web access control expression [hasAnyRole('ROLE_admin')] for Ant [pattern='/api/articoli/modifica/**']
16-03-2022 [restartedMain] DEBUG o.s.s.w.a.e.ExpressionBasedFilterInvocationSecurityMetadataSource - Adding web access control expression [hasAnyRole('ROLE_admin')] for Ant [pattern='/api/articoli/elimina/**']
16-03-2022 [restartedMain] DEBUG o.s.s.w.a.e.ExpressionBasedFilterInvocationSecurityMetadataSource - Adding web access control expression [authenticated] for any request
16-03-2022 [restartedMain] INFO  o.s.s.web.DefaultSecurityFilterChain - Will secure any request with [org.springframework.security.web.context.request.async.WebAsyncManagerIntegrationFilter@234497a3, org.springframework.security.web.context.SecurityContextPersistenceFilter@70617663, org.springframework.security.web.header.HeaderWriterFilter@b9b45ad, org.keycloak.adapters.springsecurity.filter.KeycloakPreAuthActionsFilter@6012782c, org.keycloak.adapters.springsecurity.filter.KeycloakAuthenticationProcessingFilter@58778bf, org.springframework.security.web.authentication.logout.LogoutFilter@75d482ca, org.springframework.security.web.savedrequest.RequestCacheAwareFilter@2c425a54, org.springframework.security.web.servletapi.SecurityContextHolderAwareRequestFilter@5b20a4f5, org.keycloak.adapters.springsecurity.filter.KeycloakSecurityContextRequestFilter@161666e1, org.keycloak.adapters.springsecurity.filter.KeycloakAuthenticatedActionsFilter@65b6af17, org.springframework.security.web.authentication.AnonymousAuthenticationFilter@5f50616, org.springframework.security.web.session.SessionManagementFilter@34a7064c, org.springframework.security.web.access.ExceptionTranslationFilter@84a1c47, org.springframework.security.web.access.intercept.FilterSecurityInterceptor@3d0adfcb]
16-03-2022 [restartedMain] WARN  o.s.b.d.a.OptionalLiveReloadServer - Unable to start LiveReload server
16-03-2022 [RMI TCP Connection(3)-127.0.0.1] INFO  o.s.web.servlet.DispatcherServlet - Initializing Servlet 'dispatcherServlet'
16-03-2022 [RMI TCP Connection(3)-127.0.0.1] INFO  o.s.web.servlet.DispatcherServlet - Completed initialization in 1 ms
16-03-2022 [http-nio-5051-exec-2] DEBUG o.s.security.web.FilterChainProxy - Securing GET /api/articoli/cerca/codice/002000301
16-03-2022 [http-nio-5051-exec-2] DEBUG o.s.s.w.c.SecurityContextPersistenceFilter - Set SecurityContextHolder to empty SecurityContext
16-03-2022 [http-nio-5051-exec-2] DEBUG o.s.s.c.session.SessionRegistryImpl - Registering session 78953BF9EF02597DD1F72F769A701CD8, for principal 5f9c95bc-0efe-4f9c-a573-2fe448d1bb8c
16-03-2022 [http-nio-5051-exec-2] DEBUG o.s.s.c.session.SessionRegistryImpl - Removing session 78953BF9EF02597DD1F72F769A701CD8 from principal's set of registered sessions
16-03-2022 [http-nio-5051-exec-2] DEBUG o.s.s.c.session.SessionRegistryImpl - Removing principal 5f9c95bc-0efe-4f9c-a573-2fe448d1bb8c from registry
16-03-2022 [http-nio-5051-exec-2] DEBUG o.s.s.c.session.SessionRegistryImpl - Registering session 78953BF9EF02597DD1F72F769A701CD8, for principal 5f9c95bc-0efe-4f9c-a573-2fe448d1bb8c
16-03-2022 [http-nio-5051-exec-2] DEBUG o.s.s.w.c.HttpSessionSecurityContextRepository - Stored SecurityContextImpl [Authentication=KeycloakAuthenticationToken [Principal=5f9c95bc-0efe-4f9c-a573-2fe448d1bb8c, Credentials=[PROTECTED], Authenticated=true, Details=org.keycloak.adapters.springsecurity.account.SimpleKeycloakAccount@9fcc08d, Granted Authorities=[ROLE_offline_access, ROLE_user, ROLE_default-roles-alphashop, ROLE_uma_authorization]]] to HttpSession [org.apache.catalina.session.StandardSessionFacade@61e2252a]
16-03-2022 [http-nio-5051-exec-2] DEBUG o.s.s.w.a.i.FilterSecurityInterceptor - Authorized filter invocation [GET /api/articoli/cerca/codice/002000301] with attributes [authenticated]
16-03-2022 [http-nio-5051-exec-2] DEBUG o.s.security.web.FilterChainProxy - Secured GET /api/articoli/cerca/codice/002000301
16-03-2022 [http-nio-5051-exec-2] DEBUG o.s.s.c.session.SessionRegistryImpl - Removing session 78953BF9EF02597DD1F72F769A701CD8 from principal's set of registered sessions
16-03-2022 [http-nio-5051-exec-2] DEBUG o.s.s.c.session.SessionRegistryImpl - Removing principal 5f9c95bc-0efe-4f9c-a573-2fe448d1bb8c from registry
16-03-2022 [http-nio-5051-exec-2] DEBUG o.s.s.c.session.SessionRegistryImpl - Registering session 78953BF9EF02597DD1F72F769A701CD8, for principal 5f9c95bc-0efe-4f9c-a573-2fe448d1bb8c
16-03-2022 [http-nio-5051-exec-2] DEBUG o.s.s.w.c.HttpSessionSecurityContextRepository - Stored SecurityContextImpl [Authentication=KeycloakAuthenticationToken [Principal=5f9c95bc-0efe-4f9c-a573-2fe448d1bb8c, Credentials=[PROTECTED], Authenticated=true, Details=org.keycloak.adapters.springsecurity.account.SimpleKeycloakAccount@2eb75c66, Granted Authorities=[ROLE_offline_access, ROLE_user, ROLE_default-roles-alphashop, ROLE_uma_authorization]]] to HttpSession [org.apache.catalina.session.StandardSessionFacade@61e2252a]
16-03-2022 [http-nio-5051-exec-2] DEBUG o.s.s.w.c.HttpSessionSecurityContextRepository - Did not store empty SecurityContext
16-03-2022 [http-nio-5051-exec-2] DEBUG o.s.s.w.c.SecurityContextPersistenceFilter - Cleared SecurityContextHolder to complete request
